Cysmart_SmartBreath/src/build/outputs/logs/manifest-merger-debug-report.txt
-- Merging decision tree log ---
manifest
ADDED from Cysmart_SmartBreath\src\AndroidManifest.xml:2:1-129:12
INJECTED from Cysmart_SmartBreath\src\AndroidManifest.xml:2:1-129:12
INJECTED from Cysmart_SmartBreath\src\AndroidManifest.xml:2:1-129:12
MERGED from [:app] AndroidManifest.xml:2:1-22:12
MERGED from [:stateprogressbar] AndroidManifest.xml:2:1-14:12
MERGED from [com.android.support:appcompat-v7:27.1.0] AndroidManifest.xml:17:1-22:12
MERGED from [com.android.support:support-v4:27.1.0] AndroidManifest.xml:17:1-22:12
MERGED from [com.android.support.constraint:constraint-layout:1.1.3] AndroidManifest.xml:2:1-11:12
MERGED from [:pageindicatorview] AndroidManifest.xml:2:1-11:12
MERGED from [com.android.support:support-fragment:27.1.0] AndroidManifest.xml:17:1-22:12
MERGED from [com.android.support:animated-vector-drawable:27.1.0] AndroidManifest.xml:17:1-22:12
MERGED from [com.android.support:support-core-ui:27.1.0] AndroidManifest.xml:17:1-22:12
MERGED from [com.android.support:support-core-utils:27.1.0] AndroidManifest.xml:17:1-22:12
MERGED from [com.android.support:support-media-compat:27.1.0] AndroidManifest.xml:17:1-22:12
MERGED from [com.android.support:support-vector-drawable:27.1.0] AndroidManifest.xml:17:1-22:12
MERGED from [com.android.support:support-compat:27.1.0] AndroidManifest.xml:17:1-22:12
MERGED from [android.arch.lifecycle:livedata-core:1.1.0] AndroidManifest.xml:17:1-22:12
MERGED from [android.arch.lifecycle:viewmodel:1.1.0] AndroidManifest.xml:17:1-22:12
MERGED from [android.arch.lifecycle:runtime:1.1.0] AndroidManifest.xml:17:1-22:12
MERGED from [android.arch.core:runtime:1.1.0] AndroidManifest.xml:17:1-22:12
INJECTED from Cysmart_SmartBreath\src\AndroidManifest.xml:2:1-129:12
INJECTED from Cysmart_SmartBreath\src\AndroidManifest.xml:2:1-129:12
	package
		ADDED from Cysmart_SmartBreath\src\AndroidManifest.xml:3:5-34
	android:versionName
		ADDED from Cysmart_SmartBreath\src\AndroidManifest.xml:5:5-35
		INJECTED from Cysmart_SmartBreath\src\AndroidManifest.xml
		INJECTED from Cysmart_SmartBreath\src\AndroidManifest.xml
	xmlns:android
		ADDED from Cysmart_SmartBreath\src\AndroidManifest.xml:2:11-69
	android:versionCode
		ADDED from Cysmart_SmartBreath\src\AndroidManifest.xml:4:5-28
		INJECTED from Cysmart_SmartBreath\src\AndroidManifest.xml
		INJECTED from Cysmart_SmartBreath\src\AndroidManifest.xml
uses-feature#android.hardware.bluetooth_le
ADDED from Cysmart_SmartBreath\src\AndroidManifest.xml:13:5-15:35
	android:required
		ADDED from Cysmart_SmartBreath\src\AndroidManifest.xml:15:9-32
	android:name
		ADDED from Cysmart_SmartBreath\src\AndroidManifest.xml:14:9-53
uses-permission#android.permission.BLUETOOTH
ADDED from Cysmart_SmartBreath\src\AndroidManifest.xml:17:5-68
	android:name
		ADDED from Cysmart_SmartBreath\src\AndroidManifest.xml:17:22-65
uses-permission#android.permission.BLUETOOTH_ADMIN
ADDED from Cysmart_SmartBreath\src\AndroidManifest.xml:18:5-74
	android:name
		ADDED from Cysmart_SmartBreath\src\AndroidManifest.xml:18:22-71
uses-permission#android.permission.WRITE_EXTERNAL_STORAGE
ADDED from Cysmart_SmartBreath\src\AndroidManifest.xml:19:5-81
	android:name
		ADDED from Cysmart_SmartBreath\src\AndroidManifest.xml:19:22-78
uses-permission#android.permission.READ_EXTERNAL_STORAGE
ADDED from Cysmart_SmartBreath\src\AndroidManifest.xml:20:5-80
	android:name
		ADDED from Cysmart_SmartBreath\src\AndroidManifest.xml:20:22-77
uses-permission#android.permission.INTERNET
ADDED from Cysmart_SmartBreath\src\AndroidManifest.xml:21:5-67
	android:name
		ADDED from Cysmart_SmartBreath\src\AndroidManifest.xml:21:22-64
uses-permission#android.permission.ACCESS_NETWORK_STATE
ADDED from Cysmart_SmartBreath\src\AndroidManifest.xml:22:5-79
	android:name
		ADDED from Cysmart_SmartBreath\src\AndroidManifest.xml:22:22-76
uses-permission#android.permission.ACCESS_FINE_LOCATION
ADDED from Cysmart_SmartBreath\src\AndroidManifest.xml:23:5-79
	android:name
		ADDED from Cysmart_SmartBreath\src\AndroidManifest.xml:23:22-76
uses-permission#android.permission.ACCESS_COARSE_LOCATION
ADDED from Cysmart_SmartBreath\src\AndroidManifest.xml:24:5-81
	android:name
		ADDED from Cysmart_SmartBreath\src\AndroidManifest.xml:24:22-78
application
ADDED from Cysmart_SmartBreath\src\AndroidManifest.xml:25:5-127:19
MERGED from [:app] AndroidManifest.xml:17:5-20:19
MERGED from [:app] AndroidManifest.xml:17:5-20:19
MERGED from [:stateprogressbar] AndroidManifest.xml:11:5-12:19
MERGED from [:stateprogressbar] AndroidManifest.xml:11:5-12:19
MERGED from [com.android.support.constraint:constraint-layout:1.1.3] AndroidManifest.xml:9:5-20
MERGED from [com.android.support.constraint:constraint-layout:1.1.3] AndroidManifest.xml:9:5-20
	android:screenOrientation
		ADDED from [:app] AndroidManifest.xml:19:9-45
	android:supportsRtl
		ADDED from Cysmart_SmartBreath\src\AndroidManifest.xml:30:9-35
	android:label
		ADDED from Cysmart_SmartBreath\src\AndroidManifest.xml:29:9-41
	android:icon
		ADDED from Cysmart_SmartBreath\src\AndroidManifest.xml:28:9-48
	android:allowBackup
		ADDED from Cysmart_SmartBreath\src\AndroidManifest.xml:27:9-35
	android:theme
		ADDED from Cysmart_SmartBreath\src\AndroidManifest.xml:31:9-45
	android:name
		ADDED from Cysmart_SmartBreath\src\AndroidManifest.xml:26:9-62
service#com.cypress.cysmart.BLEConnectionServices.BluetoothLeService
ADDED from Cysmart_SmartBreath\src\AndroidManifest.xml:33:9-35:38
	android:enabled
		ADDED from Cysmart_SmartBreath\src\AndroidManifest.xml:35:13-35
	android:name
		ADDED from Cysmart_SmartBreath\src\AndroidManifest.xml:34:13-88
receiver#com.cypress.cysmart.OTAFirmwareUpdate.OTAResponseReceiver
ADDED from Cysmart_SmartBreath\src\AndroidManifest.xml:37:9-41:20
	android:name
		ADDED from Cysmart_SmartBreath\src\AndroidManifest.xml:37:19-72
intent-filter#action:name:com.cysmart.bluetooth.le.ACTION_OTA_DATA_AVAILABLE
ADDED from Cysmart_SmartBreath\src\AndroidManifest.xml:38:13-40:29
action#com.cysmart.bluetooth.le.ACTION_OTA_DATA_AVAILABLE
ADDED from Cysmart_SmartBreath\src\AndroidManifest.xml:39:17-93
	android:name
		ADDED from Cysmart_SmartBreath\src\AndroidManifest.xml:39:25-90
receiver#com.cypress.cysmart.BLEStatusReceiver
ADDED from Cysmart_SmartBreath\src\AndroidManifest.xml:42:9-46:20
	android:name
		ADDED from Cysmart_SmartBreath\src\AndroidManifest.xml:42:19-52
intent-filter#action:name:com.example.bluetooth.le.ACTION_GATT_DISCONNECTED
ADDED from Cysmart_SmartBreath\src\AndroidManifest.xml:43:13-45:29
action#com.example.bluetooth.le.ACTION_GATT_DISCONNECTED
ADDED from Cysmart_SmartBreath\src\AndroidManifest.xml:44:17-92
	android:name
		ADDED from Cysmart_SmartBreath\src\AndroidManifest.xml:44:25-89
activity#com.cypress.cysmart.SplashPageActivity
ADDED from Cysmart_SmartBreath\src\AndroidManifest.xml:48:9-59:20
	android:label
		ADDED from Cysmart_SmartBreath\src\AndroidManifest.xml:51:13-45
	android:configChanges
		ADDED from Cysmart_SmartBreath\src\AndroidManifest.xml:50:13-59
	android:theme
		ADDED from Cysmart_SmartBreath\src\AndroidManifest.xml:52:13-75
	android:name
		ADDED from Cysmart_SmartBreath\src\AndroidManifest.xml:49:13-66
intent-filter#action:name:android.intent.action.MAIN+category:name:android.intent.category.LAUNCHER
ADDED from Cysmart_SmartBreath\src\AndroidManifest.xml:53:13-58:29
action#android.intent.action.MAIN
ADDED from Cysmart_SmartBreath\src\AndroidManifest.xml:54:17-69
	android:name
		ADDED from Cysmart_SmartBreath\src\AndroidManifest.xml:54:25-66
category#android.intent.category.LAUNCHER
ADDED from Cysmart_SmartBreath\src\AndroidManifest.xml:56:17-77
	android:name
		ADDED from Cysmart_SmartBreath\src\AndroidManifest.xml:56:27-74
activity#com.cypress.cysmart.HomePageActivity
ADDED from Cysmart_SmartBreath\src\AndroidManifest.xml:60:9-102:20
	android:launchMode
		ADDED from Cysmart_SmartBreath\src\AndroidManifest.xml:63:13-44
	android:windowSoftInputMode
		ADDED from Cysmart_SmartBreath\src\AndroidManifest.xml:65:13-52
	android:configChanges
		ADDED from Cysmart_SmartBreath\src\AndroidManifest.xml:62:13-59
	android:theme
		ADDED from Cysmart_SmartBreath\src\AndroidManifest.xml:64:13-49
	android:name
		ADDED from Cysmart_SmartBreath\src\AndroidManifest.xml:61:13-64
meta-data#android.app.searchable
ADDED from Cysmart_SmartBreath\src\AndroidManifest.xml:66:13-68:64
	android:resource
		ADDED from Cysmart_SmartBreath\src\AndroidManifest.xml:68:17-51
	android:name
		ADDED from Cysmart_SmartBreath\src\AndroidManifest.xml:67:17-54
intent-filter#action:name:android.intent.action.VIEW+category:name:android.intent.category.DEFAULT+data:mimeType:application/octet-stream+data:pathPattern:.*\\.cyacd+data:scheme:content
ADDED from Cysmart_SmartBreath\src\AndroidManifest.xml:72:13-79:29
action#android.intent.action.VIEW
ADDED from Cysmart_SmartBreath\src\AndroidManifest.xml:73:17-69
	android:name
		ADDED from Cysmart_SmartBreath\src\AndroidManifest.xml:73:25-66
category#android.intent.category.DEFAULT
ADDED from Cysmart_SmartBreath\src\AndroidManifest.xml:74:17-76
	android:name
		ADDED from Cysmart_SmartBreath\src\AndroidManifest.xml:74:27-73
data
ADDED from Cysmart_SmartBreath\src\AndroidManifest.xml:75:17-78:48
	android:host
		ADDED from Cysmart_SmartBreath\src\AndroidManifest.xml:86:21-37
	android:scheme
		ADDED from Cysmart_SmartBreath\src\AndroidManifest.xml:78:21-45
	android:pathPattern
		ADDED from Cysmart_SmartBreath\src\AndroidManifest.xml:77:21-53
	android:mimeType
		ADDED from Cysmart_SmartBreath\src\AndroidManifest.xml:76:21-64
intent-filter#action:name:android.intent.action.VIEW+category:name:android.intent.category.DEFAULT+data:host:*+data:mimeType:*/*+data:pathPattern:.*\\.cyacd+data:scheme:file
ADDED from Cysmart_SmartBreath\src\AndroidManifest.xml:82:13-90:29
intent-filter#action:name:android.intent.action.VIEW+category:name:android.intent.category.BROWSABLE+category:name:android.intent.category.DEFAULT+data:host:*+data:pathPattern:.*\\.cyacd+data:scheme:http
ADDED from Cysmart_SmartBreath\src\AndroidManifest.xml:93:13-100:29
category#android.intent.category.BROWSABLE
ADDED from Cysmart_SmartBreath\src\AndroidManifest.xml:95:17-78
	android:name
		ADDED from Cysmart_SmartBreath\src\AndroidManifest.xml:95:27-75
activity#com.cypress.cysmart.OTAFirmwareUpdate.OTAFilesListingActivity
ADDED from Cysmart_SmartBreath\src\AndroidManifest.xml:104:9-110:20
	android:windowSoftInputMode
		ADDED from Cysmart_SmartBreath\src\AndroidManifest.xml:108:13-52
	android:configChanges
		ADDED from Cysmart_SmartBreath\src\AndroidManifest.xml:106:13-59
	android:theme
		ADDED from Cysmart_SmartBreath\src\AndroidManifest.xml:107:13-88
	android:name
		ADDED from Cysmart_SmartBreath\src\AndroidManifest.xml:105:13-70
activity#app.json.com.myjson.SampleActivity
ADDED from Cysmart_SmartBreath\src\AndroidManifest.xml:112:9-118:20
	android:label
		ADDED from Cysmart_SmartBreath\src\AndroidManifest.xml:115:13-45
	android:windowSoftInputMode
		ADDED from Cysmart_SmartBreath\src\AndroidManifest.xml:117:13-52
	android:configChanges
		ADDED from Cysmart_SmartBreath\src\AndroidManifest.xml:116:13-59
	android:theme
		ADDED from Cysmart_SmartBreath\src\AndroidManifest.xml:114:13-45
	android:name
		ADDED from Cysmart_SmartBreath\src\AndroidManifest.xml:113:13-62
activity#com.cypress.cysmart.DataLoggerFragments.DataLoggerHistoryList
ADDED from Cysmart_SmartBreath\src\AndroidManifest.xml:120:9-126:20
	android:windowSoftInputMode
		ADDED from Cysmart_SmartBreath\src\AndroidManifest.xml:124:13-52
	android:configChanges
		ADDED from Cysmart_SmartBreath\src\AndroidManifest.xml:122:13-59
	android:theme
		ADDED from Cysmart_SmartBreath\src\AndroidManifest.xml:123:13-88
	android:name
		ADDED from Cysmart_SmartBreath\src\AndroidManifest.xml:121:13-70
uses-sdk
INJECTED from Cysmart_SmartBreath\src\AndroidManifest.xml reason: use-sdk injection requested
INJECTED from Cysmart_SmartBreath\src\AndroidManifest.xml
INJECTED from Cysmart_SmartBreath\src\AndroidManifest.xml
MERGED from [:app] AndroidManifest.xml:7:5-9:41
MERGED from [:app] AndroidManifest.xml:7:5-9:41
MERGED from [:stateprogressbar] AndroidManifest.xml:7:5-9:41
MERGED from [:stateprogressbar] AndroidManifest.xml:7:5-9:41
MERGED from [com.android.support:appcompat-v7:27.1.0] AndroidManifest.xml:20:5-44
MERGED from [com.android.support:appcompat-v7:27.1.0] AndroidManifest.xml:20:5-44
MERGED from [com.android.support:support-v4:27.1.0] AndroidManifest.xml:20:5-44
MERGED from [com.android.support:support-v4:27.1.0] AndroidManifest.xml:20:5-44
MERGED from [com.android.support.constraint:constraint-layout:1.1.3] AndroidManifest.xml:5:5-7:41
MERGED from [com.android.support.constraint:constraint-layout:1.1.3] AndroidManifest.xml:5:5-7:41
MERGED from [:pageindicatorview] AndroidManifest.xml:7:5-9:41
MERGED from [:pageindicatorview] AndroidManifest.xml:7:5-9:41
MERGED from [com.android.support:support-fragment:27.1.0] AndroidManifest.xml:20:5-44
MERGED from [com.android.support:support-fragment:27.1.0] AndroidManifest.xml:20:5-44
MERGED from [com.android.support:animated-vector-drawable:27.1.0] AndroidManifest.xml:20:5-44
MERGED from [com.android.support:animated-vector-drawable:27.1.0] AndroidManifest.xml:20:5-44
MERGED from [com.android.support:support-core-ui:27.1.0] AndroidManifest.xml:20:5-44
MERGED from [com.android.support:support-core-ui:27.1.0] AndroidManifest.xml:20:5-44
MERGED from [com.android.support:support-core-utils:27.1.0] AndroidManifest.xml:20:5-44
MERGED from [com.android.support:support-core-utils:27.1.0] AndroidManifest.xml:20:5-44
MERGED from [com.android.support:support-media-compat:27.1.0] AndroidManifest.xml:20:5-44
MERGED from [com.android.support:support-media-compat:27.1.0] AndroidManifest.xml:20:5-44
MERGED from [com.android.support:support-vector-drawable:27.1.0] AndroidManifest.xml:20:5-44
MERGED from [com.android.support:support-vector-drawable:27.1.0] AndroidManifest.xml:20:5-44
MERGED from [com.android.support:support-compat:27.1.0] AndroidManifest.xml:20:5-44
MERGED from [com.android.support:support-compat:27.1.0] AndroidManifest.xml:20:5-44
MERGED from [android.arch.lifecycle:livedata-core:1.1.0] AndroidManifest.xml:20:5-44
MERGED from [android.arch.lifecycle:livedata-core:1.1.0] AndroidManifest.xml:20:5-44
MERGED from [android.arch.lifecycle:viewmodel:1.1.0] AndroidManifest.xml:20:5-44
MERGED from [android.arch.lifecycle:viewmodel:1.1.0] AndroidManifest.xml:20:5-44
MERGED from [android.arch.lifecycle:runtime:1.1.0] AndroidManifest.xml:20:5-44
MERGED from [android.arch.lifecycle:runtime:1.1.0] AndroidManifest.xml:20:5-44
MERGED from [android.arch.core:runtime:1.1.0] AndroidManifest.xml:20:5-44
MERGED from [android.arch.core:runtime:1.1.0] AndroidManifest.xml:20:5-44
INJECTED from Cysmart_SmartBreath\src\AndroidManifest.xml
INJECTED from Cysmart_SmartBreath\src\AndroidManifest.xml
	android:targetSdkVersion
		INJECTED from Cysmart_SmartBreath\src\AndroidManifest.xml
		ADDED from Cysmart_SmartBreath\src\AndroidManifest.xml
		INJECTED from Cysmart_SmartBreath\src\AndroidManifest.xml
	android:minSdkVersion
		INJECTED from Cysmart_SmartBreath\src\AndroidManifest.xml
		ADDED from Cysmart_SmartBreath\src\AndroidManifest.xml
		INJECTED from Cysmart_SmartBreath\src\AndroidManifest.xml
uses-permission#android.permission.VIBRATE
ADDED from [:app] AndroidManifest.xml:11:5-66
	android:name
		ADDED from [:app] AndroidManifest.xml:11:22-63
uses-feature#android.hardware.sensor.compass
ADDED from [:app] AndroidManifest.xml:13:5-15:35
	android:required
		ADDED from [:app] AndroidManifest.xml:15:9-32
	android:name
		ADDED from [:app] AndroidManifest.xml:14:9-55